<?xml version="1.0" encoding="utf-8"?>
<LinearLayout xmlns:android="http://schemas.android.com/apk/res/android"
    android:layout_width="match_parent"
    android:layout_height="match_parent"
    android:orientation="vertical" 
    android:padding="10dp"
    >
    <TextView 
        android:layout_width="150dp"
        android:layout_height="140dp"
        android:id="@+id/result_text"
        android:textSize="35sp"
        android:text="15"
        android:layout_gravity="center"
        android:gravity="center"
        android:textColor="@color/red"
        android:background="@drawable/test_result_background"
        />
	

    <TextView 
        android:layout_marginTop="10dp"
        android:layout_width="wrap_content"
        android:layout_height="wrap_content"
        android:id="@+id/sheet_name"
        android:layout_gravity="center"
        android:textSize="20sp"
        android:textStyle="bold"
        />
</LinearLayout>
